Flow report for aTOP_ARCTIUM
Wed Mar 28 20:20:56 2018
Quartus II 64-Bit Version 13.1.4 Build 182 03/12/2014 SJ Web Edition


---------------------
; Table of Contents ;
---------------------
  1. Legal Notice
  2. Flow Summary
  3. Flow Settings
  4. Flow Non-Default Global Settings
  5. Flow Elapsed Time
  6. Flow OS Summary
  7. Flow Log
  8. Flow Messages
  9. Flow Suppressed Messages



----------------
; Legal Notice ;
----------------
Copyright (C) 1991-2014 Altera Corporation
Your use of Altera Corporation's design tools, logic functions 
and other software and tools, and its AMPP partner logic 
functions, and any output files from any of the foregoing 
(including device programming or simulation files), and any 
associated documentation or information are expressly subject 
to the terms and conditions of the Altera Program License 
Subscription Agreement, Altera MegaCore Function License 
Agreement, or other applicable license agreement, including, 
without limitation, that your use is for the sole purpose of 
programming logic devices manufactured by Altera and sold by 
Altera or its authorized distributors.  Please refer to the 
applicable agreement for further details.



+---------------------------------------------------------------------------------+
; Flow Summary                                                                    ;
+------------------------------------+--------------------------------------------+
; Flow Status                        ; Successful - Wed Mar 28 20:20:44 2018      ;
; Quartus II 64-Bit Version          ; 13.1.4 Build 182 03/12/2014 SJ Web Edition ;
; Revision Name                      ; aTOP_ARCTIUM                               ;
; Top-level Entity Name              ; aTOP_ARCTIUM                               ;
; Family                             ; Cyclone III                                ;
; Device                             ; EP3C10E144C8                               ;
; Timing Models                      ; Final                                      ;
; Total logic elements               ; 7,969 / 10,320 ( 77 % )                    ;
;     Total combinational functions  ; 4,719 / 10,320 ( 46 % )                    ;
;     Dedicated logic registers      ; 6,538 / 10,320 ( 63 % )                    ;
; Total registers                    ; 6538                                       ;
; Total pins                         ; 35 / 95 ( 37 % )                           ;
; Total virtual pins                 ; 0                                          ;
; Total memory bits                  ; 223,872 / 423,936 ( 53 % )                 ;
; Embedded Multiplier 9-bit elements ; 0 / 46 ( 0 % )                             ;
; Total PLLs                         ; 1 / 2 ( 50 % )                             ;
+------------------------------------+--------------------------------------------+


+-----------------------------------------+
; Flow Settings                           ;
+-------------------+---------------------+
; Option            ; Setting             ;
+-------------------+---------------------+
; Start date & time ; 03/28/2018 20:18:54 ;
; Main task         ; Compilation         ;
; Revision Name     ; aTOP_ARCTIUM        ;
+-------------------+---------------------+


+---------------------------------------------------------------------------------------------------------------------------------------------------------------------------------------------------------------------------------------------------------------------------------------------------------------------------------+
; Flow Non-Default Global Settings                                                                                                                                                                                                                                                                                                ;
+-------------------------------------+------------------------------------------------------------------------------------------------------------------------------------------------------------------------------------------------------------------------------------------+---------------+-------------+------------------+
; Assignment Name                     ; Value                                                                                                                                                                                                                                    ; Default Value ; Entity Name ; Section Id       ;
+-------------------------------------+------------------------------------------------------------------------------------------------------------------------------------------------------------------------------------------------------------------------------------------+---------------+-------------+------------------+
; COMPILER_SIGNATURE_ID               ; 1097617843564.152225753306896                                                                                                                                                                                                            ; --            ; --          ; --               ;
; ENABLE_SIGNALTAP                    ; On                                                                                                                                                                                                                                       ; --            ; --          ; --               ;
; IP_TOOL_NAME                        ; RAM: 2-PORT                                                                                                                                                                                                                              ; --            ; --          ; --               ;
; IP_TOOL_NAME                        ; RAM: 2-PORT                                                                                                                                                                                                                              ; --            ; --          ; --               ;
; IP_TOOL_NAME                        ; RAM: 2-PORT                                                                                                                                                                                                                              ; --            ; --          ; --               ;
; IP_TOOL_NAME                        ; RAM: 2-PORT                                                                                                                                                                                                                              ; --            ; --          ; --               ;
; IP_TOOL_NAME                        ; RAM: 2-PORT                                                                                                                                                                                                                              ; --            ; --          ; --               ;
; IP_TOOL_NAME                        ; RAM: 2-PORT                                                                                                                                                                                                                              ; --            ; --          ; --               ;
; IP_TOOL_NAME                        ; RAM: 2-PORT                                                                                                                                                                                                                              ; --            ; --          ; --               ;
; IP_TOOL_NAME                        ; ALTPLL                                                                                                                                                                                                                                   ; --            ; --          ; --               ;
; IP_TOOL_NAME                        ; RAM: 2-PORT                                                                                                                                                                                                                              ; --            ; --          ; --               ;
; IP_TOOL_NAME                        ; RAM: 2-PORT                                                                                                                                                                                                                              ; --            ; --          ; --               ;
; IP_TOOL_VERSION                     ; 13.1                                                                                                                                                                                                                                     ; --            ; --          ; --               ;
; IP_TOOL_VERSION                     ; 13.1                                                                                                                                                                                                                                     ; --            ; --          ; --               ;
; IP_TOOL_VERSION                     ; 13.1                                                                                                                                                                                                                                     ; --            ; --          ; --               ;
; IP_TOOL_VERSION                     ; 13.1                                                                                                                                                                                                                                     ; --            ; --          ; --               ;
; IP_TOOL_VERSION                     ; 13.1                                                                                                                                                                                                                                     ; --            ; --          ; --               ;
; IP_TOOL_VERSION                     ; 13.1                                                                                                                                                                                                                                     ; --            ; --          ; --               ;
; IP_TOOL_VERSION                     ; 13.1                                                                                                                                                                                                                                     ; --            ; --          ; --               ;
; IP_TOOL_VERSION                     ; 13.1                                                                                                                                                                                                                                     ; --            ; --          ; --               ;
; IP_TOOL_VERSION                     ; 13.1                                                                                                                                                                                                                                     ; --            ; --          ; --               ;
; IP_TOOL_VERSION                     ; 13.1                                                                                                                                                                                                                                     ; --            ; --          ; --               ;
; MAX_CORE_JUNCTION_TEMP              ; 85                                                                                                                                                                                                                                       ; --            ; --          ; --               ;
; MIN_CORE_JUNCTION_TEMP              ; 0                                                                                                                                                                                                                                        ; --            ; --          ; --               ;
; MISC_FILE                           ; CLK.ppf                                                                                                                                                                                                                                  ; --            ; --          ; --               ;
; NOMINAL_CORE_SUPPLY_VOLTAGE         ; 1.2V                                                                                                                                                                                                                                     ; --            ; --          ; --               ;
; PARTITION_COLOR                     ; 16764057                                                                                                                                                                                                                                 ; --            ; --          ; Top              ;
; PARTITION_FITTER_PRESERVATION_LEVEL ; PLACEMENT_AND_ROUTING                                                                                                                                                                                                                    ; --            ; --          ; Top              ;
; PARTITION_NETLIST_TYPE              ; SOURCE                                                                                                                                                                                                                                   ; --            ; --          ; Top              ;
; POWER_BOARD_THERMAL_MODEL           ; None (CONSERVATIVE)                                                                                                                                                                                                                      ; --            ; --          ; --               ;
; POWER_PRESET_COOLING_SOLUTION       ; 23 MM HEAT SINK WITH 200 LFPM AIRFLOW                                                                                                                                                                                                    ; --            ; --          ; --               ;
; PROJECT_OUTPUT_DIRECTORY            ; output_files                                                                                                                                                                                                                             ; --            ; --          ; --               ;
; SLD_FILE                            ; db/fdau&subframe_auto_stripped.stp                                                                                                                                                                                                       ; --            ; --          ; --               ;
; SLD_NODE_CREATOR_ID                 ; 110                                                                                                                                                                                                                                      ; --            ; --          ; fdau_debug       ;
; SLD_NODE_CREATOR_ID                 ; 110                                                                                                                                                                                                                                      ; --            ; --          ; subfarame_dbg    ;
; SLD_NODE_CREATOR_ID                 ; 110                                                                                                                                                                                                                                      ; --            ; --          ; impuls_dbg       ;
; SLD_NODE_CREATOR_ID                 ; 110                                                                                                                                                                                                                                      ; --            ; --          ; taho_dbg         ;
; SLD_NODE_CREATOR_ID                 ; 110                                                                                                                                                                                                                                      ; --            ; --          ; auto_signaltap_4 ;
; SLD_NODE_ENTITY_NAME                ; sld_signaltap                                                                                                                                                                                                                            ; --            ; --          ; fdau_debug       ;
; SLD_NODE_ENTITY_NAME                ; sld_signaltap                                                                                                                                                                                                                            ; --            ; --          ; subfarame_dbg    ;
; SLD_NODE_ENTITY_NAME                ; sld_signaltap                                                                                                                                                                                                                            ; --            ; --          ; impuls_dbg       ;
; SLD_NODE_ENTITY_NAME                ; sld_signaltap                                                                                                                                                                                                                            ; --            ; --          ; taho_dbg         ;
; SLD_NODE_ENTITY_NAME                ; sld_signaltap                                                                                                                                                                                                                            ; --            ; --          ; auto_signaltap_4 ;
; SLD_NODE_PARAMETER_ASSIGNMENT       ; SLD_RAM_BLOCK_TYPE=AUTO                                                                                                                                                                                                                  ; --            ; --          ; fdau_debug       ;
; SLD_NODE_PARAMETER_ASSIGNMENT       ; SLD_NODE_INFO=805334528                                                                                                                                                                                                                  ; --            ; --          ; fdau_debug       ;
; SLD_NODE_PARAMETER_ASSIGNMENT       ; SLD_POWER_UP_TRIGGER=0                                                                                                                                                                                                                   ; --            ; --          ; fdau_debug       ;
; SLD_NODE_PARAMETER_ASSIGNMENT       ; SLD_STORAGE_QUALIFIER_INVERSION_MASK_LENGTH=0                                                                                                                                                                                            ; --            ; --          ; fdau_debug       ;
; SLD_NODE_PARAMETER_ASSIGNMENT       ; SLD_ATTRIBUTE_MEM_MODE=OFF                                                                                                                                                                                                               ; --            ; --          ; fdau_debug       ;
; SLD_NODE_PARAMETER_ASSIGNMENT       ; SLD_STATE_FLOW_USE_GENERATED=0                                                                                                                                                                                                           ; --            ; --          ; fdau_debug       ;
; SLD_NODE_PARAMETER_ASSIGNMENT       ; SLD_STATE_BITS=11                                                                                                                                                                                                                        ; --            ; --          ; fdau_debug       ;
; SLD_NODE_PARAMETER_ASSIGNMENT       ; SLD_BUFFER_FULL_STOP=1                                                                                                                                                                                                                   ; --            ; --          ; fdau_debug       ;
; SLD_NODE_PARAMETER_ASSIGNMENT       ; SLD_CURRENT_RESOURCE_WIDTH=1                                                                                                                                                                                                             ; --            ; --          ; fdau_debug       ;
; SLD_NODE_PARAMETER_ASSIGNMENT       ; SLD_TRIGGER_LEVEL=1                                                                                                                                                                                                                      ; --            ; --          ; fdau_debug       ;
; SLD_NODE_PARAMETER_ASSIGNMENT       ; SLD_TRIGGER_IN_ENABLED=0                                                                                                                                                                                                                 ; --            ; --          ; fdau_debug       ;
; SLD_NODE_PARAMETER_ASSIGNMENT       ; SLD_ADVANCED_TRIGGER_ENTITY=basic,1,                                                                                                                                                                                                     ; --            ; --          ; fdau_debug       ;
; SLD_NODE_PARAMETER_ASSIGNMENT       ; SLD_TRIGGER_LEVEL_PIPELINE=1                                                                                                                                                                                                             ; --            ; --          ; fdau_debug       ;
; SLD_NODE_PARAMETER_ASSIGNMENT       ; SLD_ENABLE_ADVANCED_TRIGGER=0                                                                                                                                                                                                            ; --            ; --          ; fdau_debug       ;
; SLD_NODE_PARAMETER_ASSIGNMENT       ; SLD_SEGMENT_SIZE=512                                                                                                                                                                                                                     ; --            ; --          ; fdau_debug       ;
; SLD_NODE_PARAMETER_ASSIGNMENT       ; SLD_SAMPLE_DEPTH=512                                                                                                                                                                                                                     ; --            ; --          ; fdau_debug       ;
; SLD_NODE_PARAMETER_ASSIGNMENT       ; SLD_DATA_BITS=54                                                                                                                                                                                                                         ; --            ; --          ; fdau_debug       ;
; SLD_NODE_PARAMETER_ASSIGNMENT       ; SLD_TRIGGER_BITS=54                                                                                                                                                                                                                      ; --            ; --          ; fdau_debug       ;
; SLD_NODE_PARAMETER_ASSIGNMENT       ; SLD_INVERSION_MASK=00000000000000000000000000000000000000000000000000000000000000000000000000000000000000000000000000000000000000000000000000000000000000000000000000000000000000000000000000000000000000000                             ; --            ; --          ; fdau_debug       ;
; SLD_NODE_PARAMETER_ASSIGNMENT       ; SLD_INVERSION_MASK_LENGTH=185                                                                                                                                                                                                            ; --            ; --          ; fdau_debug       ;
; SLD_NODE_PARAMETER_ASSIGNMENT       ; SLD_NODE_CRC_LOWORD=9592                                                                                                                                                                                                                 ; --            ; --          ; fdau_debug       ;
; SLD_NODE_PARAMETER_ASSIGNMENT       ; SLD_NODE_CRC_HIWORD=35825                                                                                                                                                                                                                ; --            ; --          ; fdau_debug       ;
; SLD_NODE_PARAMETER_ASSIGNMENT       ; SLD_RAM_BLOCK_TYPE=AUTO                                                                                                                                                                                                                  ; --            ; --          ; subfarame_dbg    ;
; SLD_NODE_PARAMETER_ASSIGNMENT       ; SLD_DATA_BITS=53                                                                                                                                                                                                                         ; --            ; --          ; subfarame_dbg    ;
; SLD_NODE_PARAMETER_ASSIGNMENT       ; SLD_TRIGGER_BITS=53                                                                                                                                                                                                                      ; --            ; --          ; subfarame_dbg    ;
; SLD_NODE_PARAMETER_ASSIGNMENT       ; SLD_NODE_INFO=805334529                                                                                                                                                                                                                  ; --            ; --          ; subfarame_dbg    ;
; SLD_NODE_PARAMETER_ASSIGNMENT       ; SLD_POWER_UP_TRIGGER=0                                                                                                                                                                                                                   ; --            ; --          ; subfarame_dbg    ;
; SLD_NODE_PARAMETER_ASSIGNMENT       ; SLD_STORAGE_QUALIFIER_INVERSION_MASK_LENGTH=0                                                                                                                                                                                            ; --            ; --          ; subfarame_dbg    ;
; SLD_NODE_PARAMETER_ASSIGNMENT       ; SLD_ATTRIBUTE_MEM_MODE=OFF                                                                                                                                                                                                               ; --            ; --          ; subfarame_dbg    ;
; SLD_NODE_PARAMETER_ASSIGNMENT       ; SLD_STATE_FLOW_USE_GENERATED=0                                                                                                                                                                                                           ; --            ; --          ; subfarame_dbg    ;
; SLD_NODE_PARAMETER_ASSIGNMENT       ; SLD_STATE_BITS=11                                                                                                                                                                                                                        ; --            ; --          ; subfarame_dbg    ;
; SLD_NODE_PARAMETER_ASSIGNMENT       ; SLD_BUFFER_FULL_STOP=1                                                                                                                                                                                                                   ; --            ; --          ; subfarame_dbg    ;
; SLD_NODE_PARAMETER_ASSIGNMENT       ; SLD_CURRENT_RESOURCE_WIDTH=1                                                                                                                                                                                                             ; --            ; --          ; subfarame_dbg    ;
; SLD_NODE_PARAMETER_ASSIGNMENT       ; SLD_TRIGGER_LEVEL=1                                                                                                                                                                                                                      ; --            ; --          ; subfarame_dbg    ;
; SLD_NODE_PARAMETER_ASSIGNMENT       ; SLD_TRIGGER_IN_ENABLED=0                                                                                                                                                                                                                 ; --            ; --          ; subfarame_dbg    ;
; SLD_NODE_PARAMETER_ASSIGNMENT       ; SLD_ADVANCED_TRIGGER_ENTITY=basic,1,                                                                                                                                                                                                     ; --            ; --          ; subfarame_dbg    ;
; SLD_NODE_PARAMETER_ASSIGNMENT       ; SLD_TRIGGER_LEVEL_PIPELINE=1                                                                                                                                                                                                             ; --            ; --          ; subfarame_dbg    ;
; SLD_NODE_PARAMETER_ASSIGNMENT       ; SLD_ENABLE_ADVANCED_TRIGGER=0                                                                                                                                                                                                            ; --            ; --          ; subfarame_dbg    ;
; SLD_NODE_PARAMETER_ASSIGNMENT       ; SLD_NODE_CRC_LOWORD=49945                                                                                                                                                                                                                ; --            ; --          ; subfarame_dbg    ;
; SLD_NODE_PARAMETER_ASSIGNMENT       ; SLD_INVERSION_MASK=0000000000000000000000000000000000000000000000000000000000000000000000000000000000000000000000000000000000000000000000000000000000000000000000000000000000000000000000000000000000000                                 ; --            ; --          ; subfarame_dbg    ;
; SLD_NODE_PARAMETER_ASSIGNMENT       ; SLD_INVERSION_MASK_LENGTH=181                                                                                                                                                                                                            ; --            ; --          ; subfarame_dbg    ;
; SLD_NODE_PARAMETER_ASSIGNMENT       ; SLD_SEGMENT_SIZE=256                                                                                                                                                                                                                     ; --            ; --          ; subfarame_dbg    ;
; SLD_NODE_PARAMETER_ASSIGNMENT       ; SLD_NODE_CRC_HIWORD=6632                                                                                                                                                                                                                 ; --            ; --          ; subfarame_dbg    ;
; SLD_NODE_PARAMETER_ASSIGNMENT       ; SLD_SAMPLE_DEPTH=256                                                                                                                                                                                                                     ; --            ; --          ; subfarame_dbg    ;
; SLD_NODE_PARAMETER_ASSIGNMENT       ; SLD_RAM_BLOCK_TYPE=AUTO                                                                                                                                                                                                                  ; --            ; --          ; impuls_dbg       ;
; SLD_NODE_PARAMETER_ASSIGNMENT       ; SLD_DATA_BITS=27                                                                                                                                                                                                                         ; --            ; --          ; impuls_dbg       ;
; SLD_NODE_PARAMETER_ASSIGNMENT       ; SLD_TRIGGER_BITS=27                                                                                                                                                                                                                      ; --            ; --          ; impuls_dbg       ;
; SLD_NODE_PARAMETER_ASSIGNMENT       ; SLD_NODE_INFO=805334530                                                                                                                                                                                                                  ; --            ; --          ; impuls_dbg       ;
; SLD_NODE_PARAMETER_ASSIGNMENT       ; SLD_POWER_UP_TRIGGER=0                                                                                                                                                                                                                   ; --            ; --          ; impuls_dbg       ;
; SLD_NODE_PARAMETER_ASSIGNMENT       ; SLD_INVERSION_MASK=000000000000000000000000000000000000000000000000000000000000000000000000000000000000000000000000000000                                                                                                                ; --            ; --          ; impuls_dbg       ;
; SLD_NODE_PARAMETER_ASSIGNMENT       ; SLD_INVERSION_MASK_LENGTH=102                                                                                                                                                                                                            ; --            ; --          ; impuls_dbg       ;
; SLD_NODE_PARAMETER_ASSIGNMENT       ; SLD_STORAGE_QUALIFIER_INVERSION_MASK_LENGTH=0                                                                                                                                                                                            ; --            ; --          ; impuls_dbg       ;
; SLD_NODE_PARAMETER_ASSIGNMENT       ; SLD_SEGMENT_SIZE=128                                                                                                                                                                                                                     ; --            ; --          ; impuls_dbg       ;
; SLD_NODE_PARAMETER_ASSIGNMENT       ; SLD_ATTRIBUTE_MEM_MODE=OFF                                                                                                                                                                                                               ; --            ; --          ; impuls_dbg       ;
; SLD_NODE_PARAMETER_ASSIGNMENT       ; SLD_STATE_FLOW_USE_GENERATED=0                                                                                                                                                                                                           ; --            ; --          ; impuls_dbg       ;
; SLD_NODE_PARAMETER_ASSIGNMENT       ; SLD_STATE_BITS=11                                                                                                                                                                                                                        ; --            ; --          ; impuls_dbg       ;
; SLD_NODE_PARAMETER_ASSIGNMENT       ; SLD_BUFFER_FULL_STOP=1                                                                                                                                                                                                                   ; --            ; --          ; impuls_dbg       ;
; SLD_NODE_PARAMETER_ASSIGNMENT       ; SLD_CURRENT_RESOURCE_WIDTH=1                                                                                                                                                                                                             ; --            ; --          ; impuls_dbg       ;
; SLD_NODE_PARAMETER_ASSIGNMENT       ; SLD_NODE_CRC_LOWORD=38125                                                                                                                                                                                                                ; --            ; --          ; impuls_dbg       ;
; SLD_NODE_PARAMETER_ASSIGNMENT       ; SLD_NODE_CRC_HIWORD=3635                                                                                                                                                                                                                 ; --            ; --          ; impuls_dbg       ;
; SLD_NODE_PARAMETER_ASSIGNMENT       ; SLD_TRIGGER_LEVEL=1                                                                                                                                                                                                                      ; --            ; --          ; impuls_dbg       ;
; SLD_NODE_PARAMETER_ASSIGNMENT       ; SLD_SAMPLE_DEPTH=128                                                                                                                                                                                                                     ; --            ; --          ; impuls_dbg       ;
; SLD_NODE_PARAMETER_ASSIGNMENT       ; SLD_TRIGGER_IN_ENABLED=0                                                                                                                                                                                                                 ; --            ; --          ; impuls_dbg       ;
; SLD_NODE_PARAMETER_ASSIGNMENT       ; SLD_ADVANCED_TRIGGER_ENTITY=basic,1,                                                                                                                                                                                                     ; --            ; --          ; impuls_dbg       ;
; SLD_NODE_PARAMETER_ASSIGNMENT       ; SLD_TRIGGER_LEVEL_PIPELINE=1                                                                                                                                                                                                             ; --            ; --          ; impuls_dbg       ;
; SLD_NODE_PARAMETER_ASSIGNMENT       ; SLD_ENABLE_ADVANCED_TRIGGER=0                                                                                                                                                                                                            ; --            ; --          ; impuls_dbg       ;
; SLD_NODE_PARAMETER_ASSIGNMENT       ; SLD_RAM_BLOCK_TYPE=AUTO                                                                                                                                                                                                                  ; --            ; --          ; taho_dbg         ;
; SLD_NODE_PARAMETER_ASSIGNMENT       ; SLD_NODE_INFO=805334531                                                                                                                                                                                                                  ; --            ; --          ; taho_dbg         ;
; SLD_NODE_PARAMETER_ASSIGNMENT       ; SLD_POWER_UP_TRIGGER=0                                                                                                                                                                                                                   ; --            ; --          ; taho_dbg         ;
; SLD_NODE_PARAMETER_ASSIGNMENT       ; SLD_STORAGE_QUALIFIER_INVERSION_MASK_LENGTH=0                                                                                                                                                                                            ; --            ; --          ; taho_dbg         ;
; SLD_NODE_PARAMETER_ASSIGNMENT       ; SLD_SEGMENT_SIZE=1024                                                                                                                                                                                                                    ; --            ; --          ; taho_dbg         ;
; SLD_NODE_PARAMETER_ASSIGNMENT       ; SLD_ATTRIBUTE_MEM_MODE=OFF                                                                                                                                                                                                               ; --            ; --          ; taho_dbg         ;
; SLD_NODE_PARAMETER_ASSIGNMENT       ; SLD_STATE_FLOW_USE_GENERATED=0                                                                                                                                                                                                           ; --            ; --          ; taho_dbg         ;
; SLD_NODE_PARAMETER_ASSIGNMENT       ; SLD_STATE_BITS=11                                                                                                                                                                                                                        ; --            ; --          ; taho_dbg         ;
; SLD_NODE_PARAMETER_ASSIGNMENT       ; SLD_BUFFER_FULL_STOP=1                                                                                                                                                                                                                   ; --            ; --          ; taho_dbg         ;
; SLD_NODE_PARAMETER_ASSIGNMENT       ; SLD_CURRENT_RESOURCE_WIDTH=1                                                                                                                                                                                                             ; --            ; --          ; taho_dbg         ;
; SLD_NODE_PARAMETER_ASSIGNMENT       ; SLD_TRIGGER_LEVEL=1                                                                                                                                                                                                                      ; --            ; --          ; taho_dbg         ;
; SLD_NODE_PARAMETER_ASSIGNMENT       ; SLD_SAMPLE_DEPTH=1024                                                                                                                                                                                                                    ; --            ; --          ; taho_dbg         ;
; SLD_NODE_PARAMETER_ASSIGNMENT       ; SLD_TRIGGER_IN_ENABLED=0                                                                                                                                                                                                                 ; --            ; --          ; taho_dbg         ;
; SLD_NODE_PARAMETER_ASSIGNMENT       ; SLD_ADVANCED_TRIGGER_ENTITY=basic,1,                                                                                                                                                                                                     ; --            ; --          ; taho_dbg         ;
; SLD_NODE_PARAMETER_ASSIGNMENT       ; SLD_TRIGGER_LEVEL_PIPELINE=1                                                                                                                                                                                                             ; --            ; --          ; taho_dbg         ;
; SLD_NODE_PARAMETER_ASSIGNMENT       ; SLD_ENABLE_ADVANCED_TRIGGER=0                                                                                                                                                                                                            ; --            ; --          ; taho_dbg         ;
; SLD_NODE_PARAMETER_ASSIGNMENT       ; SLD_DATA_BITS=63                                                                                                                                                                                                                         ; --            ; --          ; taho_dbg         ;
; SLD_NODE_PARAMETER_ASSIGNMENT       ; SLD_TRIGGER_BITS=63                                                                                                                                                                                                                      ; --            ; --          ; taho_dbg         ;
; SLD_NODE_PARAMETER_ASSIGNMENT       ; SLD_INVERSION_MASK=000000000000000000000000000000000000000000000000000000000000000000000000000000000000000000000000000000000000000000000000000000000000000000000000000000000000000000000000000000000000000000000000000000000000000000000 ; --            ; --          ; taho_dbg         ;
; SLD_NODE_PARAMETER_ASSIGNMENT       ; SLD_INVERSION_MASK_LENGTH=213                                                                                                                                                                                                            ; --            ; --          ; taho_dbg         ;
; SLD_NODE_PARAMETER_ASSIGNMENT       ; SLD_NODE_CRC_LOWORD=6527                                                                                                                                                                                                                 ; --            ; --          ; taho_dbg         ;
; SLD_NODE_PARAMETER_ASSIGNMENT       ; SLD_NODE_CRC_HIWORD=22803                                                                                                                                                                                                                ; --            ; --          ; taho_dbg         ;
; SLD_NODE_PARAMETER_ASSIGNMENT       ; SLD_RAM_BLOCK_TYPE=AUTO                                                                                                                                                                                                                  ; --            ; --          ; auto_signaltap_4 ;
; SLD_NODE_PARAMETER_ASSIGNMENT       ; SLD_DATA_BITS=60                                                                                                                                                                                                                         ; --            ; --          ; auto_signaltap_4 ;
; SLD_NODE_PARAMETER_ASSIGNMENT       ; SLD_TRIGGER_BITS=60                                                                                                                                                                                                                      ; --            ; --          ; auto_signaltap_4 ;
; SLD_NODE_PARAMETER_ASSIGNMENT       ; SLD_NODE_INFO=805334532                                                                                                                                                                                                                  ; --            ; --          ; auto_signaltap_4 ;
; SLD_NODE_PARAMETER_ASSIGNMENT       ; SLD_POWER_UP_TRIGGER=0                                                                                                                                                                                                                   ; --            ; --          ; auto_signaltap_4 ;
; SLD_NODE_PARAMETER_ASSIGNMENT       ; SLD_STORAGE_QUALIFIER_INVERSION_MASK_LENGTH=0                                                                                                                                                                                            ; --            ; --          ; auto_signaltap_4 ;
; SLD_NODE_PARAMETER_ASSIGNMENT       ; SLD_ATTRIBUTE_MEM_MODE=OFF                                                                                                                                                                                                               ; --            ; --          ; auto_signaltap_4 ;
; SLD_NODE_PARAMETER_ASSIGNMENT       ; SLD_STATE_FLOW_USE_GENERATED=0                                                                                                                                                                                                           ; --            ; --          ; auto_signaltap_4 ;
; SLD_NODE_PARAMETER_ASSIGNMENT       ; SLD_STATE_BITS=11                                                                                                                                                                                                                        ; --            ; --          ; auto_signaltap_4 ;
; SLD_NODE_PARAMETER_ASSIGNMENT       ; SLD_BUFFER_FULL_STOP=1                                                                                                                                                                                                                   ; --            ; --          ; auto_signaltap_4 ;
; SLD_NODE_PARAMETER_ASSIGNMENT       ; SLD_CURRENT_RESOURCE_WIDTH=1                                                                                                                                                                                                             ; --            ; --          ; auto_signaltap_4 ;
; SLD_NODE_PARAMETER_ASSIGNMENT       ; SLD_NODE_CRC_LOWORD=30329                                                                                                                                                                                                                ; --            ; --          ; auto_signaltap_4 ;
; SLD_NODE_PARAMETER_ASSIGNMENT       ; SLD_TRIGGER_LEVEL=1                                                                                                                                                                                                                      ; --            ; --          ; auto_signaltap_4 ;
; SLD_NODE_PARAMETER_ASSIGNMENT       ; SLD_TRIGGER_IN_ENABLED=0                                                                                                                                                                                                                 ; --            ; --          ; auto_signaltap_4 ;
; SLD_NODE_PARAMETER_ASSIGNMENT       ; SLD_ADVANCED_TRIGGER_ENTITY=basic,1,                                                                                                                                                                                                     ; --            ; --          ; auto_signaltap_4 ;
; SLD_NODE_PARAMETER_ASSIGNMENT       ; SLD_TRIGGER_LEVEL_PIPELINE=1                                                                                                                                                                                                             ; --            ; --          ; auto_signaltap_4 ;
; SLD_NODE_PARAMETER_ASSIGNMENT       ; SLD_ENABLE_ADVANCED_TRIGGER=0                                                                                                                                                                                                            ; --            ; --          ; auto_signaltap_4 ;
; SLD_NODE_PARAMETER_ASSIGNMENT       ; SLD_INVERSION_MASK=000000000000000000000000000000000000000000000000000000000000000000000000000000000000000000000000000000000000000000000000000000000000000000000000000000000000000000000000000000000000000000000000000000000000          ; --            ; --          ; auto_signaltap_4 ;
; SLD_NODE_PARAMETER_ASSIGNMENT       ; SLD_INVERSION_MASK_LENGTH=204                                                                                                                                                                                                            ; --            ; --          ; auto_signaltap_4 ;
; SLD_NODE_PARAMETER_ASSIGNMENT       ; SLD_SEGMENT_SIZE=1024                                                                                                                                                                                                                    ; --            ; --          ; auto_signaltap_4 ;
; SLD_NODE_PARAMETER_ASSIGNMENT       ; SLD_NODE_CRC_HIWORD=7328                                                                                                                                                                                                                 ; --            ; --          ; auto_signaltap_4 ;
; SLD_NODE_PARAMETER_ASSIGNMENT       ; SLD_SAMPLE_DEPTH=1024                                                                                                                                                                                                                    ; --            ; --          ; auto_signaltap_4 ;
; USE_SIGNALTAP_FILE                  ; debug/fdau&subframe.stp                                                                                                                                                                                                                  ; --            ; --          ; --               ;
+-------------------------------------+------------------------------------------------------------------------------------------------------------------------------------------------------------------------------------------------------------------------------------------+---------------+-------------+------------------+


+-------------------------------------------------------------------------------------------------------------------------------+
; Flow Elapsed Time                                                                                                             ;
+---------------------------+--------------+-------------------------+---------------------+------------------------------------+
; Module Name               ; Elapsed Time ; Average Processors Used ; Peak Virtual Memory ; Total CPU Time (on all processors) ;
+---------------------------+--------------+-------------------------+---------------------+------------------------------------+
; Analysis & Synthesis      ; 00:00:38     ; 1.0                     ; 666 MB              ; 00:00:36                           ;
; Fitter                    ; 00:00:56     ; 1.4                     ; 1188 MB             ; 00:01:07                           ;
; Assembler                 ; 00:00:04     ; 1.0                     ; 471 MB              ; 00:00:03                           ;
; TimeQuest Timing Analyzer ; 00:00:10     ; 1.0                     ; 616 MB              ; 00:00:12                           ;
; Total                     ; 00:01:48     ; --                      ; --                  ; 00:01:58                           ;
+---------------------------+--------------+-------------------------+---------------------+------------------------------------+


+----------------------------------------------------------------------------------------+
; Flow OS Summary                                                                        ;
+---------------------------+------------------+-----------+------------+----------------+
; Module Name               ; Machine Hostname ; OS Name   ; OS Version ; Processor type ;
+---------------------------+------------------+-----------+------------+----------------+
; Analysis & Synthesis      ; kraft-         ; Windows 7 ; 6.1        ; x86_64         ;
; Fitter                    ; kraft-         ; Windows 7 ; 6.1        ; x86_64         ;
; Assembler                 ; kraft-         ; Windows 7 ; 6.1        ; x86_64         ;
; TimeQuest Timing Analyzer ; kraft-         ; Windows 7 ; 6.1        ; x86_64         ;
+---------------------------+------------------+-----------+------------+----------------+


------------
; Flow Log ;
------------
quartus_map --read_settings_files=on --write_settings_files=off aTOP_ARCTIUM -c aTOP_ARCTIUM
quartus_fit --read_settings_files=off --write_settings_files=off aTOP_ARCTIUM -c aTOP_ARCTIUM
quartus_asm --read_settings_files=off --write_settings_files=off aTOP_ARCTIUM -c aTOP_ARCTIUM
quartus_sta aTOP_ARCTIUM -c aTOP_ARCTIUM



